0 info it worked if it ends with ok
1 verbose cli [ '/Users/alexandrehoward/.nvm/versions/node/v4.3.1/bin/node',
1 verbose cli   '/Users/alexandrehoward/.nvm/versions/node/v4.3.1/bin/npm',
1 verbose cli   'run',
1 verbose cli   'test' ]
2 info using npm@2.14.19
3 info using node@v4.3.1
4 verbose run-script [ 'pretest', 'test', 'posttest' ]
5 info pretest reacts-program-tutorial@1.0.0
6 info test reacts-program-tutorial@1.0.0
7 verbose unsafe-perm in lifecycle true
8 info reacts-program-tutorial@1.0.0 Failed to exec test script
9 verbose stack Error: reacts-program-tutorial@1.0.0 test: `ava 'app/**/*.test.js' --verbose --require ./other/setup-ava-tests.js`
9 verbose stack spawn ENOENT
9 verbose stack     at ChildProcess.<anonymous> (/Users/alexandrehoward/.nvm/versions/node/v4.3.1/lib/node_modules/npm/lib/utils/spawn.js:17:16)
9 verbose stack     at emitTwo (events.js:87:13)
9 verbose stack     at ChildProcess.emit (events.js:172:7)
9 verbose stack     at maybeClose (internal/child_process.js:821:16)
9 verbose stack     at Process.ChildProcess._handle.onexit (internal/child_process.js:211:5)
10 verbose pkgid reacts-program-tutorial@1.0.0
11 verbose cwd /Users/alexandrehoward/Desktop/GITHUB上的事/Practice/reacts-program-tutorial
12 error Darwin 14.5.0
13 error argv "/Users/alexandrehoward/.nvm/versions/node/v4.3.1/bin/node" "/Users/alexandrehoward/.nvm/versions/node/v4.3.1/bin/npm" "run" "test"
14 error node v4.3.1
15 error npm  v2.14.19
16 error file sh
17 error code ELIFECYCLE
18 error errno ENOENT
19 error syscall spawn
20 error reacts-program-tutorial@1.0.0 test: `ava 'app/**/*.test.js' --verbose --require ./other/setup-ava-tests.js`
20 error spawn ENOENT
21 error Failed at the reacts-program-tutorial@1.0.0 test script 'ava 'app/**/*.test.js' --verbose --require ./other/setup-ava-tests.js'.
21 error This is most likely a problem with the reacts-program-tutorial package,
21 error not with npm itself.
21 error Tell the author that this fails on your system:
21 error     ava 'app/**/*.test.js' --verbose --require ./other/setup-ava-tests.js
21 error You can get information on how to open an issue for this project with:
21 error     npm bugs reacts-program-tutorial
21 error Or if that isn't available, you can get their info via:
21 error
21 error     npm owner ls reacts-program-tutorial
21 error There is likely additional logging output above.
22 verbose exit [ 1, true ]
